<?xml version="1.0" encoding="UTF-8"?>
<testsuite xmlns:xsi="http://www.w3.org/2001/XMLSchema-instance" xsi:noNamespaceSchemaLocation="https://maven.apache.org/surefire/maven-surefire-plugin/xsd/surefire-test-report.xsd" name="CalcTest.SubsLauncherTest" time="0.012" tests="4" errors="0" skipped="0" failures="0">
  <properties>
[...]
</properties>
  <testcase name="dynamicTestsWithCollection[1]" classname="CalcTest.SubsLauncherTest" time="0.003"/>
  <testcase name="dynamicTestsWithCollection[2]" classname="CalcTest.SubsLauncherTest" time="0"/>
  <testcase name="dynamicTestsWithCollection[3]" classname="CalcTest.SubsLauncherTest" time="0"/>
  <testcase name="dynamicTestsWithCollection[4]" classname="CalcTest.SubsLauncherTest" time="0"/>
</testsuite>